==============================================================================
Suites                                                                        
==============================================================================
Suites.checkout Information                                                   
==============================================================================
Validate Chackout product Complete                                    | PASS |
------------------------------------------------------------------------------
Validate Chackout For Non-Fill firstname                              | PASS |
------------------------------------------------------------------------------
Validate Chackout For Non-Fill lastname                               | PASS |
------------------------------------------------------------------------------
Validate Chackout For Non-Fill zipcode                                | PASS |
------------------------------------------------------------------------------
Validate button cancel                                                | PASS |
------------------------------------------------------------------------------
Suites.checkout Information                                           | PASS |
5 tests, 5 passed, 0 failed
==============================================================================
Suites                                                                | PASS |
5 tests, 5 passed, 0 failed
==============================================================================
Output:  C:\Users\Nutta\Desktop\Learn Robot freamwork\SwagLab\results\pabot_results\4\output.xml
