==============================================================================
Test                                                                          
==============================================================================
Test.Login                                                                    
==============================================================================
Validate UnSuccesful Login - Valid Credentials                        | PASS |
------------------------------------------------------------------------------
Validate Succesful Login - Invalid Credentials                        | PASS |
------------------------------------------------------------------------------
Check for Non-Filling Username                                        | PASS |
------------------------------------------------------------------------------
Check for Non-Filling Password                                        | PASS |
------------------------------------------------------------------------------
Test.Login                                                            | PASS |
4 tests, 4 passed, 0 failed
==============================================================================
Test                                                                  | PASS |
4 tests, 4 passed, 0 failed
==============================================================================
Output:  C:\Users\Nutta\Desktop\Learn Robot freamwork\SwagLab\results\pabot_results\2\output.xml
