==============================================================================
Test                                                                          
==============================================================================
Test.Inventory                                                                
==============================================================================
Check login to page Products                                          | PASS |
------------------------------------------------------------------------------
Validate Cards display in the Shopping Page                           | PASS |
------------------------------------------------------------------------------
Validate SortProduct Dropdown                                         | PASS |
------------------------------------------------------------------------------
Validate sidebar                                                      | PASS |
------------------------------------------------------------------------------
Test.Inventory                                                        | PASS |
4 tests, 4 passed, 0 failed
==============================================================================
Test                                                                  | PASS |
4 tests, 4 passed, 0 failed
==============================================================================
Output:  C:\Users\Nutta\Desktop\Learn Robot freamwork\SwagLab\results\pabot_results\1\output.xml
