==============================================================================
Suites                                                                        
==============================================================================
Suites.Productcart                                                            
==============================================================================
Testing adding and deleting products                                  | PASS |
------------------------------------------------------------------------------
Validate count of products in the cart and delete one                 | PASS |
------------------------------------------------------------------------------
Check Quantity in Basket and Test Deletion                            | PASS |
------------------------------------------------------------------------------
Checks button to continue shopping                                    | PASS |
------------------------------------------------------------------------------
Suites.Productcart                                                    | PASS |
4 tests, 4 passed, 0 failed
==============================================================================
Suites                                                                | PASS |
4 tests, 4 passed, 0 failed
==============================================================================
Output:  C:\Users\Nutta\Desktop\Learn Robot freamwork\SwagLab\results\pabot_results\3\output.xml
