==============================================================================
Suites                                                                        
==============================================================================
Suites.Checkout Overview                                                      
==============================================================================
Chackout overview product Complete                                    | PASS |
------------------------------------------------------------------------------
Validate price total and tax                                          | PASS |
------------------------------------------------------------------------------
Validate button cancel overview                                       | PASS |
------------------------------------------------------------------------------
Validate Chackout complete and go to homepage                         | PASS |
------------------------------------------------------------------------------
Suites.Checkout Overview                                              | PASS |
4 tests, 4 passed, 0 failed
==============================================================================
Suites                                                                | PASS |
4 tests, 4 passed, 0 failed
==============================================================================
Output:  C:\Users\Nutta\Desktop\Learn Robot freamwork\SwagLab\results\pabot_results\0\output.xml
